\BOOKMARK [1][-]{section.1}{Introduzione}{}% 1
\BOOKMARK [1][-]{section.2}{Reti neurali}{}% 2
\BOOKMARK [2][-]{subsection.2.1}{Background biologico}{section.2}% 3
\BOOKMARK [2][-]{subsection.2.2}{Threshold logic unit}{section.2}% 4
\BOOKMARK [2][-]{subsection.2.3}{Interpretazione geometrica}{section.2}% 5
\BOOKMARK [2][-]{subsection.2.4}{Training delle TLU}{section.2}% 6
\BOOKMARK [2][-]{subsection.2.5}{Artificial neural network}{section.2}% 7
\BOOKMARK [2][-]{subsection.2.6}{Training delle ANN}{section.2}% 8
\BOOKMARK [2][-]{subsection.2.7}{Multi-layer perceptrons}{section.2}% 9
\BOOKMARK [2][-]{subsection.2.8}{Regressione}{section.2}% 10
\BOOKMARK [3][-]{subsubsection.2.8.1}{Regressione lineare}{subsection.2.8}% 11
\BOOKMARK [3][-]{subsubsection.2.8.2}{Regressione polinomiale e multilineare}{subsection.2.8}% 12
\BOOKMARK [3][-]{subsubsection.2.8.3}{Regressione logistica}{subsection.2.8}% 13
\BOOKMARK [2][-]{subsection.2.9}{Backpropagation}{section.2}% 14
\BOOKMARK [3][-]{subsubsection.2.9.1}{Variazioni sul gradient descent}{subsection.2.9}% 15
\BOOKMARK [3][-]{subsubsection.2.9.2}{Overfitting e underfitting}{subsection.2.9}% 16
\BOOKMARK [3][-]{subsubsection.2.9.3}{Sensitivity analysis}{subsection.2.9}% 17
\BOOKMARK [2][-]{subsection.2.10}{Deep learning}{section.2}% 18
\BOOKMARK [2][-]{subsection.2.11}{Radial basis function network}{section.2}% 19
\BOOKMARK [2][-]{subsection.2.12}{Training delle RBFN}{section.2}% 20
\BOOKMARK [2][-]{subsection.2.13}{Learning vector quantization}{section.2}% 21
\BOOKMARK [3][-]{subsubsection.2.13.1}{Learning vector quantization network}{subsection.2.13}% 22
\BOOKMARK [2][-]{subsection.2.14}{Self-organizing maps}{section.2}% 23
\BOOKMARK [2][-]{subsection.2.15}{Hopfield network}{section.2}% 24
\BOOKMARK [2][-]{subsection.2.16}{Boltzmann machines}{section.2}% 25
\BOOKMARK [3][-]{subsubsection.2.16.1}{Training}{subsection.2.16}% 26
\BOOKMARK [3][-]{subsubsection.2.16.2}{Restricted Boltzmann machines}{subsection.2.16}% 27
\BOOKMARK [2][-]{subsection.2.17}{Recurrent network}{section.2}% 28
\BOOKMARK [1][-]{section.3}{Sistemi fuzzy}{}% 29
\BOOKMARK [2][-]{subsection.3.1}{Introduzione alla logica fuzzy}{section.3}% 30
\BOOKMARK [3][-]{subsubsection.3.1.1}{Motivazioni}{subsection.3.1}% 31
\BOOKMARK [3][-]{subsubsection.3.1.2}{Insiemi fuzzy}{subsection.3.1}% 32
\BOOKMARK [3][-]{subsubsection.3.1.3}{Interpretazioni della funzione di appartenenza}{subsection.3.1}% 33
\BOOKMARK [3][-]{subsubsection.3.1.4}{Rappresentazione verticale e orizzontale}{subsection.3.1}% 34
\BOOKMARK [3][-]{subsubsection.3.1.5}{Alcune utili definizioni}{subsection.3.1}% 35
\BOOKMARK [3][-]{subsubsection.3.1.6}{Logica fuzzy}{subsection.3.1}% 36
\BOOKMARK [3][-]{subsubsection.3.1.7}{Negazione stretta e forte}{subsection.3.1}% 37
\BOOKMARK [3][-]{subsubsection.3.1.8}{T-norme e t-conorme}{subsection.3.1}% 38
\BOOKMARK [3][-]{subsubsection.3.1.9}{Implicazione fuzzy}{subsection.3.1}% 39
\BOOKMARK [2][-]{subsection.3.2}{Teoria della logica fuzzy}{section.3}% 40
\BOOKMARK [3][-]{subsubsection.3.2.1}{Principio di estensione}{subsection.3.2}% 41
\BOOKMARK [3][-]{subsubsection.3.2.2}{Alcuni insiemi fuzzy rilevanti}{subsection.3.2}% 42
\BOOKMARK [3][-]{subsubsection.3.2.3}{Rappresentazione per insiemi}{subsection.3.2}% 43
\BOOKMARK [3][-]{subsubsection.3.2.4}{Relazioni fuzzy}{subsection.3.2}% 44
\BOOKMARK [3][-]{subsubsection.3.2.5}{Relazioni binarie}{subsection.3.2}% 45
\BOOKMARK [2][-]{subsection.3.3}{Fuzzy controller}{section.3}% 46
\BOOKMARK [3][-]{subsubsection.3.3.1}{Defuzzification}{subsection.3.3}% 47
\BOOKMARK [3][-]{subsubsection.3.3.2}{Mamdani controller}{subsection.3.3}% 48
\BOOKMARK [3][-]{subsubsection.3.3.3}{Takagi\205Sugeno controller}{subsection.3.3}% 49
\BOOKMARK [3][-]{subsubsection.3.3.4}{Similarity-based reasoning}{subsection.3.3}% 50
\BOOKMARK [2][-]{subsection.3.4}{Fuzzy data analysis}{section.3}% 51
\BOOKMARK [3][-]{subsubsection.3.4.1}{Fuzzy clustering}{subsection.3.4}% 52
\BOOKMARK [3][-]{subsubsection.3.4.2}{Problemi con il fuzzy clustering}{subsection.3.4}% 53
\BOOKMARK [3][-]{subsubsection.3.4.3}{Varianti}{subsection.3.4}% 54
\BOOKMARK [3][-]{subsubsection.3.4.4}{Random set}{subsection.3.4}% 55
\BOOKMARK [2][-]{subsection.3.5}{Fuzzy neural network}{section.3}% 56
\BOOKMARK [3][-]{subsubsection.3.5.1}{Algoritmo}{subsection.3.5}% 57
\BOOKMARK [1][-]{section.4}{Algoritmi evolutivi}{}% 58
\BOOKMARK [2][-]{subsection.4.1}{Introduzione}{section.4}% 59
\BOOKMARK [2][-]{subsection.4.2}{Definizione formale}{section.4}% 60
\BOOKMARK [2][-]{subsection.4.3}{Meta-euristiche}{section.4}% 61
\BOOKMARK [3][-]{subsubsection.4.3.1}{Local search method}{subsection.4.3}% 62
\BOOKMARK [3][-]{subsubsection.4.3.2}{Tabu search}{subsection.4.3}% 63
\BOOKMARK [3][-]{subsubsection.4.3.3}{Algoritmi memetici}{subsection.4.3}% 64
\BOOKMARK [3][-]{subsubsection.4.3.4}{Evoluzione differenziale}{subsection.4.3}% 65
\BOOKMARK [3][-]{subsubsection.4.3.5}{Scatter search}{subsection.4.3}% 66
\BOOKMARK [3][-]{subsubsection.4.3.6}{Algoritmi culturali}{subsection.4.3}% 67
\BOOKMARK [2][-]{subsection.4.4}{Elementi di algoritmi evolutivi}{section.4}% 68
\BOOKMARK [3][-]{subsubsection.4.4.1}{Codifica}{subsection.4.4}% 69
\BOOKMARK [3][-]{subsubsection.4.4.2}{Fitness}{subsection.4.4}% 70
\BOOKMARK [3][-]{subsubsection.4.4.3}{Selezione}{subsection.4.4}% 71
\BOOKMARK [3][-]{subsubsection.4.4.4}{Operatori genetici}{subsection.4.4}% 72
\BOOKMARK [3][-]{subsubsection.4.4.5}{Strategie di adattamento}{subsection.4.4}% 73
\BOOKMARK [2][-]{subsection.4.5}{Swarm and population based optimization}{section.4}% 74
\BOOKMARK [2][-]{subsection.4.6}{Fondamenti teorici}{section.4}% 75
\BOOKMARK [2][-]{subsection.4.7}{Programmazione genetica}{section.4}% 76
\BOOKMARK [3][-]{subsubsection.4.7.1}{Inizializzazione}{subsection.4.7}% 77
\BOOKMARK [3][-]{subsubsection.4.7.2}{Operatori genetici}{subsection.4.7}% 78
\BOOKMARK [3][-]{subsubsection.4.7.3}{Introni}{subsection.4.7}% 79
\BOOKMARK [2][-]{subsection.4.8}{Strategie evolutive}{section.4}% 80
\BOOKMARK [2][-]{subsection.4.9}{Multi-criteria optimization}{section.4}% 81
\BOOKMARK [2][-]{subsection.4.10}{Algoritmi evolutivi paralleli}{section.4}% 82
